<?xml version="1.0" encoding="UTF-8"?>
<testsuites name="PHPUnit tests">
  <testsuite name="/var/www/html/erickcomp-laravel-single-request-cache/phpunit.xml" tests="7" assertions="18" errors="0" failures="0" skipped="0" time="0.354503">
    <testsuite name="ErickComp Laravel Single Request Cache Test Suite" tests="7" assertions="18" errors="0" failures="0" skipped="0" time="0.354503">
      <testsuite name="ErickComp\SingleRequestCache\Tests\Test" file="/var/www/html/erickcomp-laravel-single-request-cache/tests/Test.php" tests="7" assertions="18" errors="0" failures="0" skipped="0" time="0.354503">
        <testcase name="t01_it_can_erase_all_items_from_cache" file="/var/www/html/erickcomp-laravel-single-request-cache/tests/Test.php" line="23" class="ErickComp\SingleRequestCache\Tests\Test" classname="ErickComp.SingleRequestCache.Tests.Test" assertions="6" time="0.185435"/>
        <testcase name="t02_it_can_cache_and_retrieve_a_simple_value" file="/var/www/html/erickcomp-laravel-single-request-cache/tests/Test.php" line="43" class="ErickComp\SingleRequestCache\Tests\Test" classname="ErickComp.SingleRequestCache.Tests.Test" assertions="1" time="0.026703"/>
        <testcase name="t03_it_can_check_if_an_item_exists_in_cache" file="/var/www/html/erickcomp-laravel-single-request-cache/tests/Test.php" line="56" class="ErickComp\SingleRequestCache\Tests\Test" classname="ErickComp.SingleRequestCache.Tests.Test" assertions="2" time="0.028021"/>
        <testcase name="t04_it_can_remember_an_item" file="/var/www/html/erickcomp-laravel-single-request-cache/tests/Test.php" line="67" class="ErickComp\SingleRequestCache\Tests\Test" classname="ErickComp.SingleRequestCache.Tests.Test" assertions="3" time="0.028473"/>
        <testcase name="t05_it_can_cache_and_retrieve_a_value_with_data" file="/var/www/html/erickcomp-laravel-single-request-cache/tests/Test.php" line="79" class="ErickComp\SingleRequestCache\Tests\Test" classname="ErickComp.SingleRequestCache.Tests.Test" assertions="1" time="0.027858"/>
        <testcase name="t06_it_can_check_if_an_item_with_data_exists_in_cache" file="/var/www/html/erickcomp-laravel-single-request-cache/tests/Test.php" line="92" class="ErickComp\SingleRequestCache\Tests\Test" classname="ErickComp.SingleRequestCache.Tests.Test" assertions="2" time="0.028804"/>
        <testcase name="t07_it_can_remember_an_item_with_data" file="/var/www/html/erickcomp-laravel-single-request-cache/tests/Test.php" line="103" class="ErickComp\SingleRequestCache\Tests\Test" classname="ErickComp.SingleRequestCache.Tests.Test" assertions="3" time="0.029209"/>
      </testsuite>
    </testsuite>
  </testsuite>
</testsuites>
